app/build/intermediates/manifest_merge_blame_file/release/manifest-merger-blame-release-report.txt
1<?xml version="1.0" encoding="utf-8"?>
2<manifest xmlns:android="http://schemas.android.com/apk/res/android"
3    package="com.app.ebarter"
4    android:versionCode="1"
5    android:versionName="1.0" >
6
7    <uses-sdk
8        android:minSdkVersion="21"
8-->src\main\AndroidManifest.xml
9        android:targetSdkVersion="34" />
9-->src\main\AndroidManifest.xml
10
11    <uses-permission android:name="android.permission.POST_NOTIFICATIONS" />
11-->src\main\AndroidManifest.xml:5:5-77
11-->src\main\AndroidManifest.xml:5:22-74
12    <uses-permission android:name="android.permission.CAMERA" />
12-->src\main\AndroidManifest.xml:7:5-65
12-->src\main\AndroidManifest.xml:7:22-62
13
14    <uses-feature
14-->src\main\AndroidManifest.xml:9:5-11:35
15        android:name="android.hardware.camera"
15-->src\main\AndroidManifest.xml:10:9-47
16        android:required="true" />
16-->src\main\AndroidManifest.xml:11:9-32
17
18    <uses-permission android:name="android.permission.WAKE_LOCK" />
18-->[androidx.work:work-runtime:2.8.1] AndroidManifest.xml:23:5-68
18-->[androidx.work:work-runtime:2.8.1] AndroidManifest.xml:23:22-65
19    <uses-permission android:name="android.permission.ACCESS_NETWORK_STATE" />
19-->[androidx.work:work-runtime:2.8.1] AndroidManifest.xml:24:5-79
19-->[androidx.work:work-runtime:2.8.1] AndroidManifest.xml:24:22-76
20    <uses-permission android:name="android.permission.RECEIVE_BOOT_COMPLETED" />
20-->[androidx.work:work-runtime:2.8.1] AndroidManifest.xml:25:5-81
20-->[androidx.work:work-runtime:2.8.1] AndroidManifest.xml:25:22-78
21    <uses-permission android:name="android.permission.FOREGROUND_SERVICE" />
21-->[androidx.work:work-runtime:2.8.1] AndroidManifest.xml:26:5-77
21-->[androidx.work:work-runtime:2.8.1] AndroidManifest.xml:26:22-74
22    <uses-permission android:name="android.permission.INTERNET" />
22-->[com.firebaseui:firebase-ui-firestore:8.0.2] AndroidManifest.xml:9:5-67
22-->[com.firebaseui:firebase-ui-firestore:8.0.2] AndroidManifest.xml:9:22-64
23
24    <permission
24-->[androidx.core:core:1.10.1] AndroidManifest.xml:22:5-24:47
25        android:name="com.app.ebarter.DYNAMIC_RECEIVER_NOT_EXPORTED_PERMISSION"
25-->[androidx.core:core:1.10.1] AndroidManifest.xml:23:9-81
26        android:protectionLevel="signature" />
26-->[androidx.core:core:1.10.1] AndroidManifest.xml:24:9-44
27
28    <uses-permission android:name="com.app.ebarter.DYNAMIC_RECEIVER_NOT_EXPORTED_PERMISSION" />
28-->[androidx.core:core:1.10.1] AndroidManifest.xml:26:5-97
28-->[androidx.core:core:1.10.1] AndroidManifest.xml:26:22-94
29
30    <application
30-->src\main\AndroidManifest.xml:13:5-40:19
31        android:name="com.app.ebarter.StartApplication"
31-->src\main\AndroidManifest.xml:14:9-41
32        android:allowBackup="true"
32-->src\main\AndroidManifest.xml:15:9-35
33        android:appComponentFactory="androidx.core.app.CoreComponentFactory"
33-->[androidx.core:core:1.10.1] AndroidManifest.xml:28:18-86
34        android:icon="@mipmap/ic_launcher"
34-->src\main\AndroidManifest.xml:16:9-43
35        android:label="@string/app_name"
35-->src\main\AndroidManifest.xml:17:9-41
36        android:roundIcon="@mipmap/ic_launcher"
36-->src\main\AndroidManifest.xml:18:9-48
37        android:supportsRtl="true"
37-->src\main\AndroidManifest.xml:19:9-35
38        android:theme="@style/AppTheme" >
38-->src\main\AndroidManifest.xml:20:9-40
39        <activity
39-->src\main\AndroidManifest.xml:27:9-36:20
40            android:name="com.app.ebarter.MainActivity"
40-->src\main\AndroidManifest.xml:28:13-41
41            android:exported="true"
41-->src\main\AndroidManifest.xml:29:13-36
42            android:theme="@style/AppTheme.Splash" >
42-->src\main\AndroidManifest.xml:30:13-51
43            <intent-filter>
43-->src\main\AndroidManifest.xml:31:13-35:29
44                <action android:name="android.intent.action.MAIN" />
44-->src\main\AndroidManifest.xml:32:17-69
44-->src\main\AndroidManifest.xml:32:25-66
45
46                <category android:name="android.intent.category.LAUNCHER" />
46-->src\main\AndroidManifest.xml:34:17-77
46-->src\main\AndroidManifest.xml:34:27-74
47            </intent-filter>
48        </activity>
49        <activity android:name="com.app.ebarter.feature_signup.SignUpActivity" />
49-->src\main\AndroidManifest.xml:38:9-67
49-->src\main\AndroidManifest.xml:38:19-64
50        <activity android:name="com.app.ebarter.feature_signin.SignInActivity" />
50-->src\main\AndroidManifest.xml:39:9-67
50-->src\main\AndroidManifest.xml:39:19-64
51
52        <provider
52-->[com.squareup.picasso:picasso:2.71828] AndroidManifest.xml:8:9-11:40
53            android:name="com.squareup.picasso.PicassoProvider"
53-->[com.squareup.picasso:picasso:2.71828] AndroidManifest.xml:9:13-64
54            android:authorities="com.app.ebarter.com.squareup.picasso"
54-->[com.squareup.picasso:picasso:2.71828] AndroidManifest.xml:10:13-72
55            android:exported="false" />
55-->[com.squareup.picasso:picasso:2.71828] AndroidManifest.xml:11:13-37
56
57        <service
57-->[androidx.work:work-runtime:2.8.1] AndroidManifest.xml:39:9-45:35
58            android:name="androidx.work.impl.background.systemalarm.SystemAlarmService"
58-->[androidx.work:work-runtime:2.8.1] AndroidManifest.xml:40:13-88
59            android:directBootAware="false"
59-->[androidx.work:work-runtime:2.8.1] AndroidManifest.xml:41:13-44
60            android:enabled="@bool/enable_system_alarm_service_default"
60-->[androidx.work:work-runtime:2.8.1] AndroidManifest.xml:42:13-72
61            android:exported="false" />
61-->[androidx.work:work-runtime:2.8.1] AndroidManifest.xml:43:13-37
62        <service
62-->[androidx.work:work-runtime:2.8.1] AndroidManifest.xml:46:9-52:35
63            android:name="androidx.work.impl.background.systemjob.SystemJobService"
63-->[androidx.work:work-runtime:2.8.1] AndroidManifest.xml:47:13-84
64            android:directBootAware="false"
64-->[androidx.work:work-runtime:2.8.1] AndroidManifest.xml:48:13-44
65            android:enabled="@bool/enable_system_job_service_default"
65-->[androidx.work:work-runtime:2.8.1] AndroidManifest.xml:49:13-70
66            android:exported="true"
66-->[androidx.work:work-runtime:2.8.1] AndroidManifest.xml:50:13-36
67            android:permission="android.permission.BIND_JOB_SERVICE" />
67-->[androidx.work:work-runtime:2.8.1] AndroidManifest.xml:51:13-69
68        <service
68-->[androidx.work:work-runtime:2.8.1] AndroidManifest.xml:53:9-59:35
69            android:name="androidx.work.impl.foreground.SystemForegroundService"
69-->[androidx.work:work-runtime:2.8.1] AndroidManifest.xml:54:13-81
70            android:directBootAware="false"
70-->[androidx.work:work-runtime:2.8.1] AndroidManifest.xml:55:13-44
71            android:enabled="@bool/enable_system_foreground_service_default"
71-->[androidx.work:work-runtime:2.8.1] AndroidManifest.xml:56:13-77
72            android:exported="false" />
72-->[androidx.work:work-runtime:2.8.1] AndroidManifest.xml:57:13-37
73
74        <receiver
74-->[androidx.work:work-runtime:2.8.1] AndroidManifest.xml:61:9-66:35
75            android:name="androidx.work.impl.utils.ForceStopRunnable$BroadcastReceiver"
75-->[androidx.work:work-runtime:2.8.1] AndroidManifest.xml:62:13-88
76            android:directBootAware="false"
76-->[androidx.work:work-runtime:2.8.1] AndroidManifest.xml:63:13-44
77            android:enabled="true"
77-->[androidx.work:work-runtime:2.8.1] AndroidManifest.xml:64:13-35
78            android:exported="false" />
78-->[androidx.work:work-runtime:2.8.1] AndroidManifest.xml:65:13-37
79        <receiver
79-->[androidx.work:work-runtime:2.8.1] AndroidManifest.xml:67:9-77:20
80            android:name="androidx.work.impl.background.systemalarm.ConstraintProxy$BatteryChargingProxy"
80-->[androidx.work:work-runtime:2.8.1] AndroidManifest.xml:68:13-106
81            android:directBootAware="false"
81-->[androidx.work:work-runtime:2.8.1] AndroidManifest.xml:69:13-44
82            android:enabled="false"
82-->[androidx.work:work-runtime:2.8.1] AndroidManifest.xml:70:13-36
83            android:exported="false" >
83-->[androidx.work:work-runtime:2.8.1] AndroidManifest.xml:71:13-37
84            <intent-filter>
84-->[androidx.work:work-runtime:2.8.1] AndroidManifest.xml:73:13-76:29
85                <action android:name="android.intent.action.ACTION_POWER_CONNECTED" />
85-->[androidx.work:work-runtime:2.8.1] AndroidManifest.xml:74:17-87
85-->[androidx.work:work-runtime:2.8.1] AndroidManifest.xml:74:25-84
86                <action android:name="android.intent.action.ACTION_POWER_DISCONNECTED" />
86-->[androidx.work:work-runtime:2.8.1] AndroidManifest.xml:75:17-90
86-->[androidx.work:work-runtime:2.8.1] AndroidManifest.xml:75:25-87
87            </intent-filter>
88        </receiver>
89        <receiver
89-->[androidx.work:work-runtime:2.8.1] AndroidManifest.xml:78:9-88:20
90            android:name="androidx.work.impl.background.systemalarm.ConstraintProxy$BatteryNotLowProxy"
90-->[androidx.work:work-runtime:2.8.1] AndroidManifest.xml:79:13-104
91            android:directBootAware="false"
91-->[androidx.work:work-runtime:2.8.1] AndroidManifest.xml:80:13-44
92            android:enabled="false"
92-->[androidx.work:work-runtime:2.8.1] AndroidManifest.xml:81:13-36
93            android:exported="false" >
93-->[androidx.work:work-runtime:2.8.1] AndroidManifest.xml:82:13-37
94            <intent-filter>
94-->[androidx.work:work-runtime:2.8.1] AndroidManifest.xml:84:13-87:29
95                <action android:name="android.intent.action.BATTERY_OKAY" />
95-->[androidx.work:work-runtime:2.8.1] AndroidManifest.xml:85:17-77
95-->[androidx.work:work-runtime:2.8.1] AndroidManifest.xml:85:25-74
96                <action android:name="android.intent.action.BATTERY_LOW" />
96-->[androidx.work:work-runtime:2.8.1] AndroidManifest.xml:86:17-76
96-->[androidx.work:work-runtime:2.8.1] AndroidManifest.xml:86:25-73
97            </intent-filter>
98        </receiver>
99        <receiver
99-->[androidx.work:work-runtime:2.8.1] AndroidManifest.xml:89:9-99:20
100            android:name="androidx.work.impl.background.systemalarm.ConstraintProxy$StorageNotLowProxy"
100-->[androidx.work:work-runtime:2.8.1] AndroidManifest.xml:90:13-104
101            android:directBootAware="false"
101-->[androidx.work:work-runtime:2.8.1] AndroidManifest.xml:91:13-44
102            android:enabled="false"
102-->[androidx.work:work-runtime:2.8.1] AndroidManifest.xml:92:13-36
103            android:exported="false" >
103-->[androidx.work:work-runtime:2.8.1] AndroidManifest.xml:93:13-37
104            <intent-filter>
104-->[androidx.work:work-runtime:2.8.1] AndroidManifest.xml:95:13-98:29
105                <action android:name="android.intent.action.DEVICE_STORAGE_LOW" />
105-->[androidx.work:work-runtime:2.8.1] AndroidManifest.xml:96:17-83
105-->[androidx.work:work-runtime:2.8.1] AndroidManifest.xml:96:25-80
106                <action android:name="android.intent.action.DEVICE_STORAGE_OK" />
106-->[androidx.work:work-runtime:2.8.1] AndroidManifest.xml:97:17-82
106-->[androidx.work:work-runtime:2.8.1] AndroidManifest.xml:97:25-79
107            </intent-filter>
108        </receiver>
109        <receiver
109-->[androidx.work:work-runtime:2.8.1] AndroidManifest.xml:100:9-109:20
110            android:name="androidx.work.impl.background.systemalarm.ConstraintProxy$NetworkStateProxy"
110-->[androidx.work:work-runtime:2.8.1] AndroidManifest.xml:101:13-103
111            android:directBootAware="false"
111-->[androidx.work:work-runtime:2.8.1] AndroidManifest.xml:102:13-44
112            android:enabled="false"
112-->[androidx.work:work-runtime:2.8.1] AndroidManifest.xml:103:13-36
113            android:exported="false" >
113-->[androidx.work:work-runtime:2.8.1] AndroidManifest.xml:104:13-37
114            <intent-filter>
114-->[androidx.work:work-runtime:2.8.1] AndroidManifest.xml:106:13-108:29
115                <action android:name="android.net.conn.CONNECTIVITY_CHANGE" />
115-->[androidx.work:work-runtime:2.8.1] AndroidManifest.xml:107:17-79
115-->[androidx.work:work-runtime:2.8.1] AndroidManifest.xml:107:25-76
116            </intent-filter>
117        </receiver>
118        <receiver
118-->[androidx.work:work-runtime:2.8.1] AndroidManifest.xml:110:9-121:20
119            android:name="androidx.work.impl.background.systemalarm.RescheduleReceiver"
119-->[androidx.work:work-runtime:2.8.1] AndroidManifest.xml:111:13-88
120            android:directBootAware="false"
120-->[androidx.work:work-runtime:2.8.1] AndroidManifest.xml:112:13-44
121            android:enabled="false"
121-->[androidx.work:work-runtime:2.8.1] AndroidManifest.xml:113:13-36
122            android:exported="false" >
122-->[androidx.work:work-runtime:2.8.1] AndroidManifest.xml:114:13-37
123            <intent-filter>
123-->[androidx.work:work-runtime:2.8.1] AndroidManifest.xml:116:13-120:29
124                <action android:name="android.intent.action.BOOT_COMPLETED" />
124-->[androidx.work:work-runtime:2.8.1] AndroidManifest.xml:117:17-79
124-->[androidx.work:work-runtime:2.8.1] AndroidManifest.xml:117:25-76
125                <action android:name="android.intent.action.TIME_SET" />
125-->[androidx.work:work-runtime:2.8.1] AndroidManifest.xml:118:17-73
125-->[androidx.work:work-runtime:2.8.1] AndroidManifest.xml:118:25-70
126                <action android:name="android.intent.action.TIMEZONE_CHANGED" />
126-->[androidx.work:work-runtime:2.8.1] AndroidManifest.xml:119:17-81
126-->[androidx.work:work-runtime:2.8.1] AndroidManifest.xml:119:25-78
127            </intent-filter>
128        </receiver>
129        <receiver
129-->[androidx.work:work-runtime:2.8.1] AndroidManifest.xml:122:9-131:20
130            android:name="androidx.work.impl.background.systemalarm.ConstraintProxyUpdateReceiver"
130-->[androidx.work:work-runtime:2.8.1] AndroidManifest.xml:123:13-99
131            android:directBootAware="false"
131-->[androidx.work:work-runtime:2.8.1] AndroidManifest.xml:124:13-44
132            android:enabled="@bool/enable_system_alarm_service_default"
132-->[androidx.work:work-runtime:2.8.1] AndroidManifest.xml:125:13-72
133            android:exported="false" >
133-->[androidx.work:work-runtime:2.8.1] AndroidManifest.xml:126:13-37
134            <intent-filter>
134-->[androidx.work:work-runtime:2.8.1] AndroidManifest.xml:128:13-130:29
135                <action android:name="androidx.work.impl.background.systemalarm.UpdateProxies" />
135-->[androidx.work:work-runtime:2.8.1] AndroidManifest.xml:129:17-98
135-->[androidx.work:work-runtime:2.8.1] AndroidManifest.xml:129:25-95
136            </intent-filter>
137        </receiver>
138        <receiver
138-->[androidx.work:work-runtime:2.8.1] AndroidManifest.xml:132:9-142:20
139            android:name="androidx.work.impl.diagnostics.DiagnosticsReceiver"
139-->[androidx.work:work-runtime:2.8.1] AndroidManifest.xml:133:13-78
140            android:directBootAware="false"
140-->[androidx.work:work-runtime:2.8.1] AndroidManifest.xml:134:13-44
141            android:enabled="true"
141-->[androidx.work:work-runtime:2.8.1] AndroidManifest.xml:135:13-35
142            android:exported="true"
142-->[androidx.work:work-runtime:2.8.1] AndroidManifest.xml:136:13-36
143            android:permission="android.permission.DUMP" >
143-->[androidx.work:work-runtime:2.8.1] AndroidManifest.xml:137:13-57
144            <intent-filter>
144-->[androidx.work:work-runtime:2.8.1] AndroidManifest.xml:139:13-141:29
145                <action android:name="androidx.work.diagnostics.REQUEST_DIAGNOSTICS" />
145-->[androidx.work:work-runtime:2.8.1] AndroidManifest.xml:140:17-88
145-->[androidx.work:work-runtime:2.8.1] AndroidManifest.xml:140:25-85
146            </intent-filter>
147        </receiver>
148
149        <activity
149-->[com.google.firebase:firebase-auth:22.0.0] AndroidManifest.xml:29:9-46:20
150            android:name="com.google.firebase.auth.internal.GenericIdpActivity"
150-->[com.google.firebase:firebase-auth:22.0.0] AndroidManifest.xml:30:13-80
151            android:excludeFromRecents="true"
151-->[com.google.firebase:firebase-auth:22.0.0] AndroidManifest.xml:31:13-46
152            android:exported="true"
152-->[com.google.firebase:firebase-auth:22.0.0] AndroidManifest.xml:32:13-36
153            android:launchMode="singleTask"
153-->[com.google.firebase:firebase-auth:22.0.0] AndroidManifest.xml:33:13-44
154            android:theme="@android:style/Theme.Translucent.NoTitleBar" >
154-->[com.google.firebase:firebase-auth:22.0.0] AndroidManifest.xml:34:13-72
155            <intent-filter>
155-->[com.google.firebase:firebase-auth:22.0.0] AndroidManifest.xml:35:13-45:29
156                <action android:name="android.intent.action.VIEW" />
156-->[com.google.firebase:firebase-auth:22.0.0] AndroidManifest.xml:36:17-69
156-->[com.google.firebase:firebase-auth:22.0.0] AndroidManifest.xml:36:25-66
157
158                <category android:name="android.intent.category.DEFAULT" />
158-->[com.google.firebase:firebase-auth:22.0.0] AndroidManifest.xml:38:17-76
158-->[com.google.firebase:firebase-auth:22.0.0] AndroidManifest.xml:38:27-73
159                <category android:name="android.intent.category.BROWSABLE" />
159-->[com.google.firebase:firebase-auth:22.0.0] AndroidManifest.xml:39:17-78
159-->[com.google.firebase:firebase-auth:22.0.0] AndroidManifest.xml:39:27-75
160
161                <data
161-->[com.google.firebase:firebase-auth:22.0.0] AndroidManifest.xml:41:17-44:51
162                    android:host="firebase.auth"
162-->[com.google.firebase:firebase-auth:22.0.0] AndroidManifest.xml:42:21-49
163                    android:path="/"
163-->[com.google.firebase:firebase-auth:22.0.0] AndroidManifest.xml:43:21-37
164                    android:scheme="genericidp" />
164-->[com.google.firebase:firebase-auth:22.0.0] AndroidManifest.xml:44:21-48
165            </intent-filter>
166        </activity>
167        <activity
167-->[com.google.firebase:firebase-auth:22.0.0] AndroidManifest.xml:47:9-64:20
168            android:name="com.google.firebase.auth.internal.RecaptchaActivity"
168-->[com.google.firebase:firebase-auth:22.0.0] AndroidManifest.xml:48:13-79
169            android:excludeFromRecents="true"
169-->[com.google.firebase:firebase-auth:22.0.0] AndroidManifest.xml:49:13-46
170            android:exported="true"
170-->[com.google.firebase:firebase-auth:22.0.0] AndroidManifest.xml:50:13-36
171            android:launchMode="singleTask"
171-->[com.google.firebase:firebase-auth:22.0.0] AndroidManifest.xml:51:13-44
172            android:theme="@android:style/Theme.Translucent.NoTitleBar" >
172-->[com.google.firebase:firebase-auth:22.0.0] AndroidManifest.xml:52:13-72
173            <intent-filter>
173-->[com.google.firebase:firebase-auth:22.0.0] AndroidManifest.xml:53:13-63:29
174                <action android:name="android.intent.action.VIEW" />
174-->[com.google.firebase:firebase-auth:22.0.0] AndroidManifest.xml:36:17-69
174-->[com.google.firebase:firebase-auth:22.0.0] AndroidManifest.xml:36:25-66
175
176                <category android:name="android.intent.category.DEFAULT" />
176-->[com.google.firebase:firebase-auth:22.0.0] AndroidManifest.xml:38:17-76
176-->[com.google.firebase:firebase-auth:22.0.0] AndroidManifest.xml:38:27-73
177                <category android:name="android.intent.category.BROWSABLE" />
177-->[com.google.firebase:firebase-auth:22.0.0] AndroidManifest.xml:39:17-78
177-->[com.google.firebase:firebase-auth:22.0.0] AndroidManifest.xml:39:27-75
178
179                <data
179-->[com.google.firebase:firebase-auth:22.0.0] AndroidManifest.xml:41:17-44:51
180                    android:host="firebase.auth"
180-->[com.google.firebase:firebase-auth:22.0.0] AndroidManifest.xml:42:21-49
181                    android:path="/"
181-->[com.google.firebase:firebase-auth:22.0.0] AndroidManifest.xml:43:21-37
182                    android:scheme="recaptcha" />
182-->[com.google.firebase:firebase-auth:22.0.0] AndroidManifest.xml:44:21-48
183            </intent-filter>
184        </activity>
185
186        <service
186-->[com.google.firebase:firebase-auth:22.0.0] AndroidManifest.xml:66:9-72:19
187            android:name="com.google.firebase.components.ComponentDiscoveryService"
187-->[com.google.firebase:firebase-auth:22.0.0] AndroidManifest.xml:67:13-84
188            android:directBootAware="true"
188-->[com.google.firebase:firebase-common:20.3.3] AndroidManifest.xml:34:13-43
189            android:exported="false" >
189-->[com.google.firebase:firebase-auth:22.0.0] AndroidManifest.xml:68:13-37
190            <meta-data
190-->[com.google.firebase:firebase-auth:22.0.0] AndroidManifest.xml:69:13-71:85
191                android:name="com.google.firebase.components:com.google.firebase.auth.FirebaseAuthRegistrar"
191-->[com.google.firebase:firebase-auth:22.0.0] AndroidManifest.xml:70:17-109
192                android:value="com.google.firebase.components.ComponentRegistrar" />
192-->[com.google.firebase:firebase-auth:22.0.0] AndroidManifest.xml:71:17-82
193            <meta-data
193-->[com.google.firebase:firebase-firestore:24.6.1] AndroidManifest.xml:19:13-21:85
194                android:name="com.google.firebase.components:com.google.firebase.firestore.FirestoreRegistrar"
194-->[com.google.firebase:firebase-firestore:24.6.1] AndroidManifest.xml:20:17-111
195                android:value="com.google.firebase.components.ComponentRegistrar" />
195-->[com.google.firebase:firebase-firestore:24.6.1] AndroidManifest.xml:21:17-82
196            <meta-data
196-->[com.google.firebase:firebase-storage:20.2.1] AndroidManifest.xml:32:13-34:85
197                android:name="com.google.firebase.components:com.google.firebase.storage.StorageRegistrar"
197-->[com.google.firebase:firebase-storage:20.2.1] AndroidManifest.xml:33:17-107
198                android:value="com.google.firebase.components.ComponentRegistrar" />
198-->[com.google.firebase:firebase-storage:20.2.1] AndroidManifest.xml:34:17-82
199        </service>
200
201        <activity
201-->[com.google.android.gms:play-services-base:18.0.1] AndroidManifest.xml:20:9-22:45
202            android:name="com.google.android.gms.common.api.GoogleApiActivity"
202-->[com.google.android.gms:play-services-base:18.0.1] AndroidManifest.xml:20:19-85
203            android:exported="false"
203-->[com.google.android.gms:play-services-base:18.0.1] AndroidManifest.xml:22:19-43
204            android:theme="@android:style/Theme.Translucent.NoTitleBar" />
204-->[com.google.android.gms:play-services-base:18.0.1] AndroidManifest.xml:21:19-78
205
206        <provider
206-->[com.google.firebase:firebase-common:20.3.3] AndroidManifest.xml:25:9-30:39
207            android:name="com.google.firebase.provider.FirebaseInitProvider"
207-->[com.google.firebase:firebase-common:20.3.3] AndroidManifest.xml:26:13-77
208            android:authorities="com.app.ebarter.firebaseinitprovider"
208-->[com.google.firebase:firebase-common:20.3.3] AndroidManifest.xml:27:13-72
209            android:directBootAware="true"
209-->[com.google.firebase:firebase-common:20.3.3] AndroidManifest.xml:28:13-43
210            android:exported="false"
210-->[com.google.firebase:firebase-common:20.3.3] AndroidManifest.xml:29:13-37
211            android:initOrder="100" />
211-->[com.google.firebase:firebase-common:20.3.3] AndroidManifest.xml:30:13-36
212
213        <meta-data
213-->[com.google.android.gms:play-services-basement:18.1.0] AndroidManifest.xml:21:9-23:69
214            android:name="com.google.android.gms.version"
214-->[com.google.android.gms:play-services-basement:18.1.0] AndroidManifest.xml:22:13-58
215            android:value="@integer/google_play_services_version" />
215-->[com.google.android.gms:play-services-basement:18.1.0] AndroidManifest.xml:23:13-66
216
217        <service
217-->[androidx.room:room-runtime:2.5.0] AndroidManifest.xml:24:9-28:63
218            android:name="androidx.room.MultiInstanceInvalidationService"
218-->[androidx.room:room-runtime:2.5.0] AndroidManifest.xml:25:13-74
219            android:directBootAware="true"
219-->[androidx.room:room-runtime:2.5.0] AndroidManifest.xml:26:13-43
220            android:exported="false" />
220-->[androidx.room:room-runtime:2.5.0] AndroidManifest.xml:27:13-37
221    </application>
222
223</manifest>